<?xml version="1.0" encoding="utf-8"?><testsuites name="pytest tests"><testsuite name="pytest" errors="0" failures="0" skipped="0" tests="23" time="12.242" timestamp="2026-08-05T13:34:45.987384+00:00" hostname="agent-env-d9852999-28cc-44d3-ae38-db857106f633"><testcase classname="tests.test_auth_hotfix_v293.TestSetupFlow" name="test_v1_status_when_empty" time="0.009" /><testcase classname="tests.test_auth_hotfix_v293.TestSetupFlow" name="test_v2_setup_creates_admin_and_sets_cookies" time="0.230" /><testcase classname="tests.test_auth_hotfix_v293.TestSetupFlow" name="test_v3_second_setup_returns_403" time="0.003" /><testcase classname="tests.test_auth_hotfix_v293.TestSetupFlow" name="test_v4_status_after_setup" time="0.002" /><testcase classname="tests.test_auth_hotfix_v293.TestMeAndLogout" name="test_v5_me_with_cookie_returns_user" time="0.231" /><testcase classname="tests.test_auth_hotfix_v293.TestMeAndLogout" name="test_v5_me_without_cookie_returns_401" time="0.002" /><testcase classname="tests.test_auth_hotfix_v293.TestMeAndLogout" name="test_v6_logout_clears_cookies" time="0.234" /><testcase classname="tests.test_auth_hotfix_v293.TestLoginRefresh" name="test_v7_login_and_refresh" time="0.231" /><testcase classname="tests.test_auth_hotfix_v293.TestChangePassword" name="test_v8_change_password_revokes_old_session" time="1.373" /><testcase classname="tests.test_auth_hotfix_v293.TestBruteForce" name="test_v9_lockout_after_5_failures" time="1.384" /><testcase classname="tests.test_auth_hotfix_v293.TestLegacyRemoved" name="test_v10_diagnostics_returns_404" time="0.002" /><testcase classname="tests.test_auth_hotfix_v293.TestResetAdmin" name="test_v11_dry_run_reports_inventory_no_writes" time="0.671" /><testcase classname="tests.test_auth_hotfix_v293.TestResetAdmin" name="test_v11_default_clears_only_canonical" time="0.663" /><testcase classname="tests.test_auth_hotfix_v293.TestResetAdmin" name="test_v12_safety_net_refuses_when_canonical_empty_legacy_populated" time="0.666" /><testcase classname="tests.test_auth_hotfix_v293.TestResetAdmin" name="test_v12_legacy_flag_clears_both" time="0.668" /><testcase classname="tests.test_auth_hotfix_v293.TestLegacySeedGate" name="test_v13_default_boot_skips_seed" time="0.000" /><testcase classname="tests.test_auth_hotfix_v293.TestLegacySeedGate" name="test_v13_seed_populates_auth_users_when_enabled" time="5.472" /><testcase classname="tests.test_auth_hotfix_v293.TestBusinessRegression" name="test_v14_business_endpoint_200[/api/]" time="0.003" /><testcase classname="tests.test_auth_hotfix_v293.TestBusinessRegression" name="test_v14_business_endpoint_200[/api/status]" time="0.002" /><testcase classname="tests.test_auth_hotfix_v293.TestBusinessRegression" name="test_v14_business_endpoint_200[/api/arbicore/dashboard/pulse]" time="0.001" /><testcase classname="tests.test_auth_hotfix_v293.TestBusinessRegression" name="test_v14_business_endpoint_200[/api/arbicore/live/status]" time="0.002" /><testcase classname="tests.test_auth_hotfix_v293.TestBusinessRegression" name="test_v14_business_endpoint_200[/api/arbicore/safety/status]" time="0.002" /><testcase classname="tests.test_auth_hotfix_v293.TestKillSwitchCookieAuth" name="test_v15_kill_engage_disengage_with_cookie" time="0.238" /></testsuite></testsuites>