<?xml version="1.0" encoding="utf-8"?><testsuites name="pytest tests"><testsuite name="pytest" errors="0" failures="0" skipped="0" tests="11" time="0.959" timestamp="2026-07-30T12:23:43.945416+00:00" hostname="agent-env-33446147-6002-4c7f-9116-84febc2d1194"><testcase classname="tests.test_v2_slice2.TestIntelligence" name="test_recommendations" time="0.266" /><testcase classname="tests.test_v2_slice2.TestDiscovery" name="test_candidates_list_shape" time="0.267" /><testcase classname="tests.test_v2_slice2.TestIntelligence" name="test_decisions_shape" time="0.044" /><testcase classname="tests.test_v2_slice2.TestDiscovery" name="test_filter_status_new" time="0.088" /><testcase classname="tests.test_v2_slice2.TestIntelligence" name="test_decisions_verdict_go" time="0.041" /><testcase classname="tests.test_v2_slice2.TestIntelligence" name="test_decisions_family_cex" time="0.085" /><testcase classname="tests.test_v2_slice2.TestDiscovery" name="test_filter_kind_asset" time="0.049" /><testcase classname="tests.test_v2_slice2.TestDiscovery" name="test_action_watch_then_verify" time="0.133" /><testcase classname="tests.test_v2_slice2.TestIntelligence" name="test_decisions_min_confidence" time="0.044" /><testcase classname="tests.test_v2_slice2.TestDiscovery" name="test_action_promote" time="0.042" /><testcase classname="tests.test_v2_slice2.TestDiscovery" name="test_action_dismiss" time="0.085" /></testsuite></testsuites>