<?xml version="1.0" encoding="utf-8"?><testsuites name="pytest tests"><testsuite name="pytest" errors="0" failures="0" skipped="0" tests="12" time="1.421" timestamp="2026-07-30T12:37:11.021680+00:00" hostname="agent-env-33446147-6002-4c7f-9116-84febc2d1194"><testcase classname="tests.test_v2_slice3.TestAlerts" name="test_list" time="0.284" /><testcase classname="tests.test_v2_slice3.TestScanners" name="test_list" time="0.351" /><testcase classname="tests.test_v2_slice3.TestAlerts" name="test_filter_warn" time="0.146" /><testcase classname="tests.test_v2_slice3.TestScanners" name="test_pause_and_start" time="0.280" /><testcase classname="tests.test_v2_slice3.TestAlerts" name="test_ack" time="0.105" /><testcase classname="tests.test_v2_slice3.TestInterlock" name="test_get" time="0.138" /><testcase classname="tests.test_v2_slice3.TestCycles" name="test_list" time="0.151" /><testcase classname="tests.test_v2_slice3.TestInterlock" name="test_actions" time="0.180" /><testcase classname="tests.test_v2_slice3.TestCycles" name="test_filter_settled" time="0.143" /><testcase classname="tests.test_v2_slice3.TestVenues" name="test_list" time="0.140" /><testcase classname="tests.test_v2_slice3.TestIntegrations" name="test_list" time="0.142" /><testcase classname="tests.test_v2_slice3.TestQueues" name="test_list" time="0.098" /></testsuite></testsuites>