<?xml version="1.0" encoding="utf-8"?><testsuites name="pytest tests"><testsuite name="pytest" errors="0" failures="0" skipped="0" tests="7" time="0.764" timestamp="2026-07-30T12:00:18.369702+00:00" hostname="agent-env-33446147-6002-4c7f-9116-84febc2d1194"><testcase classname="tests.test_v2_slice1.TestApproveReject" name="test_approve" time="0.270" /><testcase classname="tests.test_v2_slice1.TestOpportunitiesList" name="test_list_returns_200_shape" time="0.269" /><testcase classname="tests.test_v2_slice1.TestOpportunitiesList" name="test_filter_family_cex" time="0.090" /><testcase classname="tests.test_v2_slice1.TestApproveReject" name="test_reject" time="0.047" /><testcase classname="tests.test_v2_slice1.TestOpportunityDetail" name="test_detail_opp001" time="0.045" /><testcase classname="tests.test_v2_slice1.TestOpportunitiesList" name="test_filter_verdict_go" time="0.050" /><testcase classname="tests.test_v2_slice1.TestOpportunitiesList" name="test_filter_min_confidence" time="0.050" /></testsuite></testsuites>