<?xml version="1.0" encoding="utf-8"?><testsuites name="pytest tests"><testsuite name="pytest" errors="0" failures="0" skipped="0" tests="6" time="1.348" timestamp="2026-07-30T11:41:44.747567+00:00" hostname="agent-env-33446147-6002-4c7f-9116-84febc2d1194"><testcase classname="tests.test_v2_slice0" name="test_pulse" time="0.421" /><testcase classname="tests.test_v2_slice0" name="test_deck" time="0.134" /><testcase classname="tests.test_v2_slice0" name="test_deck_limit" time="0.132" /><testcase classname="tests.test_v2_slice0" name="test_opportunities_summary" time="0.130" /><testcase classname="tests.test_v2_slice0" name="test_roi_probability" time="0.091" /><testcase classname="tests.test_v2_slice0" name="test_system_status" time="0.104" /></testsuite></testsuites>